# JRE version: Java(TM) SE Runtime Environment (14.0.1+7) (build 14.0.1+7)
# Java VM: Java HotSpot(TM) 64-Bit Server VM (14.0.1+7, mixed mode, sharing, tiered, compressed oops, g1 gc, windows-amd64)
Heap:
 garbage-first heap   total 61440K, used 29879K [0x0000000081200000, 0x0000000100000000)
  region size 1024K, 22 young (22528K), 7 survivors (7168K)
 Metaspace       used 20162K, capacity 21281K, committed 21552K, reserved 1067008K
  class space    used 2943K, capacity 3376K, committed 3456K, reserved 1048576K
GC Heap History (10 events):
Event: 0.561 GC heap before
{Heap before GC invocations=0 (full 0):
 garbage-first heap   total 131072K, used 12288K [0x0000000081200000, 0x0000000100000000)
  region size 1024K, 13 young (13312K), 0 survivors (0K)
 Metaspace       used 1486K, capacity 4736K, committed 4864K, reserved 1056768K
  class space    used 148K, capacity 446K, committed 512K, reserved 1048576K
}
Event: 0.564 GC heap after
{Heap after GC invocations=1 (full 0):
 garbage-first heap   total 131072K, used 1008K [0x0000000081200000, 0x0000000100000000)
  region size 1024K, 1 young (1024K), 1 survivors (1024K)
 Metaspace       used 1486K, capacity 4736K, committed 4864K, reserved 1056768K
  class space    used 148K, capacity 446K, committed 512K, reserved 1048576K
}
Event: 1.490 GC heap before
{Heap before GC invocations=1 (full 0):
 garbage-first heap   total 131072K, used 18416K [0x0000000081200000, 0x0000000100000000)
  region size 1024K, 19 young (19456K), 1 survivors (1024K)
 Metaspace       used 6349K, capacity 7750K, committed 7808K, reserved 1056768K
  class space    used 683K, capacity 887K, committed 896K, reserved 1048576K
}
Event: 1.497 GC heap after
{Heap after GC invocations=2 (full 0):
 garbage-first heap   total 131072K, used 3726K [0x0000000081200000, 0x0000000100000000)
  region size 1024K, 3 young (3072K), 3 survivors (3072K)
 Metaspace       used 6349K, capacity 7750K, committed 7808K, reserved 1056768K
  class space    used 683K, capacity 887K, committed 896K, reserved 1048576K
}
Event: 2.698 GC heap before
{Heap before GC invocations=2 (full 0):
 garbage-first heap   total 131072K, used 33422K [0x0000000081200000, 0x0000000100000000)
  region size 1024K, 32 young (32768K), 3 survivors (3072K)
 Metaspace       used 14313K, capacity 15018K, committed 15104K, reserved 1062912K
  class space    used 1977K, capacity 2226K, committed 2304K, reserved 1048576K
}
Event: 2.707 GC heap after
{Heap after GC invocations=3 (full 0):
 garbage-first heap   total 131072K, used 7258K [0x0000000081200000, 0x0000000100000000)
  region size 1024K, 4 young (4096K), 4 survivors (4096K)
 Metaspace       used 14313K, capacity 15018K, committed 15104K, reserved 1062912K
  class space    used 1977K, capacity 2226K, committed 2304K, reserved 1048576K
}
Event: 5.123 GC heap before
{Heap before GC invocations=3 (full 0):
 garbage-first heap   total 131072K, used 87130K [0x0000000081200000, 0x0000000100000000)
  region size 1024K, 76 young (77824K), 4 survivors (4096K)
 Metaspace       used 17914K, capacity 18737K, committed 18816K, reserved 1064960K
  class space    used 2560K, capacity 2894K, committed 2944K, reserved 1048576K
}
Event: 5.129 GC heap after
{Heap after GC invocations=4 (full 0):
 garbage-first heap   total 131072K, used 13170K [0x0000000081200000, 0x0000000100000000)
  region size 1024K, 5 young (5120K), 5 survivors (5120K)
 Metaspace       used 17914K, capacity 18737K, committed 18816K, reserved 1064960K
  class space    used 2560K, capacity 2894K, committed 2944K, reserved 1048576K
}
Event: 7.311 GC heap before
{Heap before GC invocations=4 (full 0):
 garbage-first heap   total 131072K, used 51058K [0x0000000081200000, 0x0000000100000000)
  region size 1024K, 42 young (43008K), 5 survivors (5120K)
 Metaspace       used 20061K, capacity 21117K, committed 21296K, reserved 1067008K
  class space    used 2937K, capacity 3343K, committed 3456K, reserved 1048576K
}
Event: 7.359 GC heap after
{Heap after GC invocations=5 (full 0):
 garbage-first heap   total 131072K, used 15543K [0x0000000081200000, 0x0000000100000000)
  region size 1024K, 7 young (7168K), 7 survivors (7168K)
 Metaspace       used 20061K, capacity 21117K, committed 21296K, reserved 1067008K
  class space    used 2937K, capacity 3343K, committed 3456K, reserved 1048576K
}

