# JRE version: Java(TM) SE Runtime Environment (14.0.1+7) (build 14.0.1+7)
# Java VM: Java HotSpot(TM) 64-Bit Server VM (14.0.1+7, mixed mode, sharing, tiered, compressed oops, g1 gc, windows-amd64)
Heap:
 garbage-first heap   total 51200K, used 21503K [0x0000000081200000, 0x0000000100000000)
  region size 1024K, 9 young (9216K), 2 survivors (2048K)
 Metaspace       used 21140K, capacity 22224K, committed 22400K, reserved 1069056K
  class space    used 2957K, capacity 3391K, committed 3456K, reserved 1048576K
GC Heap History (16 events):
Event: 0.557 GC heap before
{Heap before GC invocations=0 (full 0):
 garbage-first heap   total 131072K, used 12288K [0x0000000081200000, 0x0000000100000000)
  region size 1024K, 13 young (13312K), 0 survivors (0K)
 Metaspace       used 1443K, capacity 4736K, committed 4864K, reserved 1056768K
  class space    used 144K, capacity 446K, committed 512K, reserved 1048576K
}
Event: 0.563 GC heap after
{Heap after GC invocations=1 (full 0):
 garbage-first heap   total 131072K, used 992K [0x0000000081200000, 0x0000000100000000)
  region size 1024K, 1 young (1024K), 1 survivors (1024K)
 Metaspace       used 1443K, capacity 4736K, committed 4864K, reserved 1056768K
  class space    used 144K, capacity 446K, committed 512K, reserved 1048576K
}
Event: 1.574 GC heap before
{Heap before GC invocations=1 (full 0):
 garbage-first heap   total 131072K, used 19424K [0x0000000081200000, 0x0000000100000000)
  region size 1024K, 19 young (19456K), 1 survivors (1024K)
 Metaspace       used 6368K, capacity 7750K, committed 7808K, reserved 1056768K
  class space    used 683K, capacity 887K, committed 896K, reserved 1048576K
}
Event: 1.581 GC heap after
{Heap after GC invocations=2 (full 0):
 garbage-first heap   total 131072K, used 3714K [0x0000000081200000, 0x0000000100000000)
  region size 1024K, 3 young (3072K), 3 survivors (3072K)
 Metaspace       used 6368K, capacity 7750K, committed 7808K, reserved 1056768K
  class space    used 683K, capacity 887K, committed 896K, reserved 1048576K
}
Event: 2.844 GC heap before
{Heap before GC invocations=2 (full 0):
 garbage-first heap   total 131072K, used 32386K [0x0000000081200000, 0x0000000100000000)
  region size 1024K, 32 young (32768K), 3 survivors (3072K)
 Metaspace       used 14252K, capacity 14946K, committed 15104K, reserved 1062912K
  class space    used 1964K, capacity 2223K, committed 2304K, reserved 1048576K
}
Event: 2.853 GC heap after
{Heap after GC invocations=3 (full 0):
 garbage-first heap   total 131072K, used 6927K [0x0000000081200000, 0x0000000100000000)
  region size 1024K, 4 young (4096K), 4 survivors (4096K)
 Metaspace       used 14252K, capacity 14946K, committed 15104K, reserved 1062912K
  class space    used 1964K, capacity 2223K, committed 2304K, reserved 1048576K
}
Event: 27.341 GC heap before
{Heap before GC invocations=3 (full 0):
 garbage-first heap   total 131072K, used 90895K [0x0000000081200000, 0x0000000100000000)
  region size 1024K, 76 young (77824K), 4 survivors (4096K)
 Metaspace       used 19156K, capacity 20008K, committed 20096K, reserved 1067008K
  class space    used 2580K, capacity 2910K, committed 2944K, reserved 1048576K
}
Event: 27.349 GC heap after
{Heap after GC invocations=4 (full 0):
 garbage-first heap   total 131072K, used 13107K [0x0000000081200000, 0x0000000100000000)
  region size 1024K, 6 young (6144K), 6 survivors (6144K)
 Metaspace       used 19156K, capacity 20008K, committed 20096K, reserved 1067008K
  class space    used 2580K, capacity 2910K, committed 2944K, reserved 1048576K
}
Event: 27.497 GC heap before
{Heap before GC invocations=4 (full 0):
 garbage-first heap   total 131072K, used 31539K [0x0000000081200000, 0x0000000100000000)
  region size 1024K, 25 young (25600K), 6 survivors (6144K)
 Metaspace       used 20205K, capacity 21143K, committed 21296K, reserved 1067008K
  class space    used 2816K, capacity 3200K, committed 3200K, reserved 1048576K
}
Event: 27.504 GC heap after
{Heap after GC invocations=5 (full 0):
 garbage-first heap   total 131072K, used 13766K [0x0000000081200000, 0x0000000100000000)
  region size 1024K, 6 young (6144K), 6 survivors (6144K)
 Metaspace       used 20205K, capacity 21143K, committed 21296K, reserved 1067008K
  class space    used 2816K, capacity 3200K, committed 3200K, reserved 1048576K
}
Event: 30.709 GC heap before
{Heap before GC invocations=6 (full 0):
 garbage-first heap   total 51200K, used 39366K [0x0000000081200000, 0x0000000100000000)
  region size 1024K, 30 young (30720K), 6 survivors (6144K)
 Metaspace       used 21000K, capacity 22062K, committed 22400K, reserved 1069056K
  class space    used 2951K, capacity 3359K, committed 3456K, reserved 1048576K
}
Event: 30.723 GC heap after
{Heap after GC invocations=7 (full 0):
 garbage-first heap   total 51200K, used 15501K [0x0000000081200000, 0x0000000100000000)
  region size 1024K, 2 young (2048K), 2 survivors (2048K)
 Metaspace       used 21000K, capacity 22062K, committed 22400K, reserved 1069056K
  class space    used 2951K, capacity 3359K, committed 3456K, reserved 1048576K
}
Event: 34.832 GC heap before
{Heap before GC invocations=7 (full 0):
 garbage-first heap   total 51200K, used 39053K [0x0000000081200000, 0x0000000100000000)
  region size 1024K, 25 young (25600K), 2 survivors (2048K)
 Metaspace       used 21054K, capacity 22126K, committed 22400K, reserved 1069056K
  class space    used 2951K, capacity 3359K, committed 3456K, reserved 1048576K
}
Event: 34.846 GC heap after
{Heap after GC invocations=8 (full 0):
 garbage-first heap   total 51200K, used 15398K [0x0000000081200000, 0x0000000100000000)
  region size 1024K, 2 young (2048K), 2 survivors (2048K)
 Metaspace       used 21054K, capacity 22126K, committed 22400K, reserved 1069056K
  class space    used 2951K, capacity 3359K, committed 3456K, reserved 1048576K
}
Event: 39.155 GC heap before
{Heap before GC invocations=8 (full 0):
 garbage-first heap   total 51200K, used 39974K [0x0000000081200000, 0x0000000100000000)
  region size 1024K, 26 young (26624K), 2 survivors (2048K)
 Metaspace       used 21095K, capacity 22128K, committed 22400K, reserved 1069056K
  class space    used 2952K, capacity 3359K, committed 3456K, reserved 1048576K
}
Event: 39.170 GC heap after
{Heap after GC invocations=9 (full 0):
 garbage-first heap   total 51200K, used 15359K [0x0000000081200000, 0x0000000100000000)
  region size 1024K, 2 young (2048K), 2 survivors (2048K)
 Metaspace       used 21095K, capacity 22128K, committed 22400K, reserved 1069056K
  class space    used 2952K, capacity 3359K, committed 3456K, reserved 1048576K
}

